<?xml version="1.0" encoding="UTF-8"?>
<!-- Generated by org.testng.reporters.JUnitReportReporter -->
<testsuite hostname="DESKTOP-FFALLFF" failures="0" tests="1"
	name="demo.DemoScriptTest" time="0.033" errors="0"
	timestamp="2025-09-14T09:50:35 IST" skipped="0">
	<testcase classname="demo.DemoScriptTest" name="test1Test"
		time="0.033" />
</testsuite> <!-- demo.DemoScriptTest -->
