<?xml version="1.0" encoding="UTF-8"?>
<!-- Generated by org.testng.reporters.JUnitReportReporter -->
<testsuite hostname="DESKTOP-FFALLFF" failures="0" tests="1"
	name="contacts.CreateContactTest" time="41.466" errors="0"
	timestamp="2025-09-12T09:34:36 IST" skipped="0">
	<testcase classname="contacts.CreateContactTest"
		name="createContactTest" time="41.466">
		<system-out>
      <![CDATA[createContactTest >===START===>
suhan kumar : contacts is created ]]>
		</system-out>
	</testcase> <!-- createContactTest -->
	<system-out>
    <![CDATA[createContactTest >===START===>
createContactsWithPhonenumber >===START===>
suhan kumar : contacts is created ]]>
	</system-out>
</testsuite> <!-- contacts.CreateContactTest -->
