<?xml version="1.0" encoding="UTF-8"?>
<!-- Generated by org.testng.reporters.JUnitReportReporter -->
<testsuite hostname="DESKTOP-FFALLFF" failures="0" tests="1"
	name="contacts.CreateContactsWithPhoneNumber_Test" time="27.104"
	errors="0" timestamp="2025-09-18T15:31:33 IST" skipped="0">
	<testcase
		classname="contacts.CreateContactsWithPhoneNumber_Test"
		name="createContactsWithPhonenumber" time="27.104">
		<system-out>
      <![CDATA[contact is created]]>
		</system-out>
	</testcase> <!-- createContactsWithPhonenumber -->
	<system-out>
    <![CDATA[contact is created]]>
	</system-out>
</testsuite> <!-- contacts.CreateContactsWithPhoneNumber_Test -->
